# JRE version: OpenJDK Runtime Environment (25.0+36) (build 25+36-3489)
# Java VM: OpenJDK 64-Bit Server VM (25+36-3489, mixed mode, sharing, tiered, compressed oops, compressed class ptrs, g1 gc, windows-amd64)
GC Precious Log:
 CardTable entry size: 512
 Card Set container configuration: InlinePtr #cards 4 size 8 Array Of Cards #cards 16 size 48 Howl #buckets 8 coarsen threshold 3686 Howl Bitmap #cards 512 size 80 coarsen threshold 460 Card regions per heap region 1 cards per card region 4096
 CPUs: 12 total, 12 available
 Memory: 16219M
 Large Page Support: Disabled
 NUMA Support: Disabled
 Compressed Oops: Enabled (Zero based)
 Heap Region Size: 2M
 Heap Min Capacity: 8M
 Heap Initial Capacity: 254M
 Heap Max Capacity: 4056M
 Pre-touch: Disabled
 Parallel Workers: 10
 Concurrent Workers: 3
 Concurrent Refinement Workers: 10
 Periodic GC: Disabled
Heap:
 garbage-first heap   total reserved 4153344K, committed 77824K, used 29982K [0x0000000702800000, 0x0000000800000000)
  region size 2048K, 4 young (8192K), 2 survivors (4096K)
GC Heap Usage History (12 events):
Event: 0.984 {heap Before GC invocations=0 (full 0):
 garbage-first heap   total reserved 4153344K, committed 262144K, used 50323K [0x0000000702800000, 0x0000000800000000)
  region size 2048K, 24 young (49152K), 0 survivors (0K)
}
Event: 0.989 {heap After GC invocations=1 (full 0):
 garbage-first heap   total reserved 4153344K, committed 262144K, used 9808K [0x0000000702800000, 0x0000000800000000)
  region size 2048K, 3 young (6144K), 3 survivors (6144K)
}
Event: 1.694 {heap Before GC invocations=1 (full 0):
 garbage-first heap   total reserved 4153344K, committed 262144K, used 58960K [0x0000000702800000, 0x0000000800000000)
  region size 2048K, 29 young (59392K), 3 survivors (6144K)
}
Event: 1.701 {heap After GC invocations=2 (full 0):
 garbage-first heap   total reserved 4153344K, committed 262144K, used 14679K [0x0000000702800000, 0x0000000800000000)
  region size 2048K, 6 young (12288K), 6 survivors (12288K)
}
Event: 2.331 {heap Before GC invocations=3 (full 0):
 garbage-first heap   total reserved 4153344K, committed 61440K, used 57687K [0x0000000702800000, 0x0000000800000000)
  region size 2048K, 27 young (55296K), 6 survivors (12288K)
}
Event: 2.339 {heap After GC invocations=4 (full 0):
 garbage-first heap   total reserved 4153344K, committed 77824K, used 17264K [0x0000000702800000, 0x0000000800000000)
  region size 2048K, 4 young (8192K), 4 survivors (8192K)
}
Event: 3.201 {heap Before GC invocations=4 (full 0):
 garbage-first heap   total reserved 4153344K, committed 77824K, used 47984K [0x0000000702800000, 0x0000000800000000)
  region size 2048K, 20 young (40960K), 4 survivors (8192K)
}
Event: 3.211 {heap After GC invocations=5 (full 0):
 garbage-first heap   total reserved 4153344K, committed 77824K, used 21997K [0x0000000702800000, 0x0000000800000000)
  region size 2048K, 3 young (6144K), 3 survivors (6144K)
}
Event: 3.230 {heap Before GC invocations=5 (full 0):
 garbage-first heap   total reserved 4153344K, committed 77824K, used 21997K [0x0000000702800000, 0x0000000800000000)
  region size 2048K, 4 young (8192K), 3 survivors (6144K)
}
Event: 3.235 {heap After GC invocations=6 (full 0):
 garbage-first heap   total reserved 4153344K, committed 77824K, used 23236K [0x0000000702800000, 0x0000000800000000)
  region size 2048K, 1 young (2048K), 1 survivors (2048K)
}
Event: 97.029 {heap Before GC invocations=7 (full 0):
 garbage-first heap   total reserved 4153344K, committed 77824K, used 58052K [0x0000000702800000, 0x0000000800000000)
  region size 2048K, 18 young (36864K), 1 survivors (2048K)
}
Event: 97.033 {heap After GC invocations=8 (full 0):
 garbage-first heap   total reserved 4153344K, committed 77824K, used 27934K [0x0000000702800000, 0x0000000800000000)
  region size 2048K, 2 young (4096K), 2 survivors (4096K)
}

